2019-02-24 16:37:44,133 [10] INFO MySaghdooshApi.Controllers.ServerInfoController - HELLO LOG$NET
2019-02-24 17:13:32,117 [11] ERROR DA.Utils - Select data from database failed. Ex: 00.001
ErrorCenter.SelectFromDataBaseException: Select data from database failed. Ex: 00.001 ---> System.Exception: Exception of type 'System.Exception' was thrown.
   at DA.Queries.General.SelectAllCategories() in I:\Projects\MySaghdoosh\Sources\API\git\mysaghdooshapi\DA\Queries\General.cs:line 21
   --- End of inner exception stack trace ---
2019-03-22 17:11:52,846 [17] ERROR DA.Utils - Insert into MS_Users failed. Ex:00.002
ErrorCenter.InsertIntoDataBaseException: Insert into MS_Users failed. Ex:00.002 ---> System.InvalidOperationException: The model backing the 'MSDbContext' context has changed since the database was created. Consider using Code First Migrations to update the database (http://go.microsoft.com/fwlink/?LinkId=238269).
   at System.Data.Entity.CreateDatabaseIfNotExists`1.InitializeDatabase(TContext context)
   at System.Data.Entity.Internal.InternalContext.<>c__DisplayClassf`1.<CreateInitializationAction>b__e()
   at System.Data.Entity.Internal.InternalContext.PerformInitializationAction(Action action)
   at System.Data.Entity.Internal.InternalContext.PerformDatabaseInitialization()
   at System.Data.Entity.Internal.LazyInternalContext.<InitializeDatabase>b__4(InternalContext c)
   at System.Data.Entity.Internal.RetryAction`1.PerformAction(TInput input)
   at System.Data.Entity.Internal.LazyInternalContext.InitializeDatabaseAction(Action`1 action)
   at System.Data.Entity.Internal.LazyInternalContext.InitializeDatabase()
   at System.Data.Entity.Internal.InternalContext.Initialize()
   at System.Data.Entity.Internal.InternalContext.GetEntitySetAndBaseTypeForType(Type entityType)
   at System.Data.Entity.Internal.Linq.InternalSet`1.Initialize()
   at System.Data.Entity.Internal.Linq.InternalSet`1.get_InternalContext()
   at System.Data.Entity.Internal.Linq.InternalSet`1.ActOnSet(Action action, EntityState newState, Object entity, String methodName)
   at System.Data.Entity.Internal.Linq.InternalSet`1.Add(Object entity)
   at System.Data.Entity.DbSet`1.Add(TEntity entity)
   at DA.Queries.UserAccounts.InsertUser(NewUserReq newUser) in D:\github\DA\Queries\UserAccounts.cs:line 28
   --- End of inner exception stack trace ---
2019-03-22 18:26:11,111 [6] ERROR DA.Utils - Insert into MS_Users failed. Ex:00.002
ErrorCenter.InsertIntoDataBaseException: Insert into MS_Users failed. Ex:00.002 ---> System.Data.Entity.Infrastructure.DbUpdateException: An error occurred while updating the entries. See the inner exception for details. ---> System.Data.Entity.Core.UpdateException: An error occurred while updating the entries. See the inner exception for details. ---> System.Data.SqlClient.SqlException: Cannot insert duplicate key row in object 'dbo.MS_Users' with unique index 'IX_Tel'. The duplicate key value is (09125935452).
The statement has been terminated.
   at System.Data.SqlClient.SqlConnection.OnError(SqlException exception, Boolean breakConnection, Action`1 wrapCloseInAction)
   at System.Data.SqlClient.SqlInternalConnection.OnError(SqlException exception, Boolean breakConnection, Action`1 wrapCloseInAction)
   at System.Data.SqlClient.TdsParser.ThrowExceptionAndWarning(TdsParserStateObject stateObj, Boolean callerHasConnectionLock, Boolean asyncClose)
   at System.Data.SqlClient.TdsParser.TryRun(RunBehavior runBehavior, SqlCommand cmdHandler, SqlDataReader dataStream, BulkCopySimpleResultSet bulkCopyHandler, TdsParserStateObject stateObj, Boolean& dataReady)
   at System.Data.SqlClient.SqlDataReader.TryConsumeMetaData()
   at System.Data.SqlClient.SqlDataReader.get_MetaData()
   at System.Data.SqlClient.SqlCommand.FinishExecuteReader(SqlDataReader ds, RunBehavior runBehavior, String resetOptionsString, Boolean isInternal, Boolean forDescribeParameterEncryption, Boolean shouldCacheForAlwaysEncrypted)
   at System.Data.SqlClient.SqlCommand.RunExecuteReaderTds(CommandBehavior cmdBehavior, RunBehavior runBehavior, Boolean returnStream, Boolean async, Int32 timeout, Task& task, Boolean asyncWrite, Boolean inRetry, SqlDataReader ds, Boolean describeParameterEncryptionRequest)
   at System.Data.SqlClient.SqlCommand.RunExecuteReader(CommandBehavior cmdBehavior, RunBehavior runBehavior, Boolean returnStream, String method, TaskCompletionSource`1 completion, Int32 timeout, Task& task, Boolean& usedCache, Boolean asyncWrite, Boolean inRetry)
   at System.Data.SqlClient.SqlCommand.RunExecuteReader(CommandBehavior cmdBehavior, RunBehavior runBehavior, Boolean returnStream, String method)
   at System.Data.SqlClient.SqlCommand.ExecuteReader(CommandBehavior behavior, String method)
   at System.Data.SqlClient.SqlCommand.ExecuteDbDataReader(CommandBehavior behavior)
   at System.Data.Common.DbCommand.ExecuteReader(CommandBehavior behavior)
   at System.Data.Entity.Infrastructure.Interception.DbCommandDispatcher.<Reader>b__c(DbCommand t, DbCommandInterceptionContext`1 c)
   at System.Data.Entity.Infrastructure.Interception.InternalDispatcher`1.Dispatch[TTarget,TInterceptionContext,TResult](TTarget target, Func`3 operation, TInterceptionContext interceptionContext, Action`3 executing, Action`3 executed)
   at System.Data.Entity.Infrastructure.Interception.DbCommandDispatcher.Reader(DbCommand command, DbCommandInterceptionContext interceptionContext)
   at System.Data.Entity.Internal.InterceptableDbCommand.ExecuteDbDataReader(CommandBehavior behavior)
   at System.Data.Common.DbCommand.ExecuteReader(CommandBehavior behavior)
   at System.Data.Entity.Core.Mapping.Update.Internal.DynamicUpdateCommand.Execute(Dictionary`2 identifierValues, List`1 generatedValues)
   at System.Data.Entity.Core.Mapping.Update.Internal.UpdateTranslator.Update()
   --- End of inner exception stack trace ---
   at System.Data.Entity.Core.Mapping.Update.Internal.UpdateTranslator.Update()
   at System.Data.Entity.Core.EntityClient.Internal.EntityAdapter.<Update>b__2(UpdateTranslator ut)
   at System.Data.Entity.Core.EntityClient.Internal.EntityAdapter.Update[T](T noChangesResult, Func`2 updateFunction)
   at System.Data.Entity.Core.EntityClient.Internal.EntityAdapter.Update()
   at System.Data.Entity.Core.Objects.ObjectContext.<SaveChangesToStore>b__35()
   at System.Data.Entity.Core.Objects.ObjectContext.ExecuteInTransaction[T](Func`1 func, IDbExecutionStrategy executionStrategy, Boolean startLocalTransaction, Boolean releaseConnectionOnSuccess)
   at System.Data.Entity.Core.Objects.ObjectContext.SaveChangesToStore(SaveOptions options, IDbExecutionStrategy executionStrategy, Boolean startLocalTransaction)
   at System.Data.Entity.Core.Objects.ObjectContext.<>c__DisplayClass2a.<SaveChangesInternal>b__27()
   at System.Data.Entity.SqlServer.DefaultSqlExecutionStrategy.Execute[TResult](Func`1 operation)
   at System.Data.Entity.Core.Objects.ObjectContext.SaveChangesInternal(SaveOptions options, Boolean executeInExistingTransaction)
   at System.Data.Entity.Core.Objects.ObjectContext.SaveChanges(SaveOptions options)
   at System.Data.Entity.Internal.InternalContext.SaveChanges()
   --- End of inner exception stack trace ---
   at System.Data.Entity.Internal.InternalContext.SaveChanges()
   at System.Data.Entity.Internal.LazyInternalContext.SaveChanges()
   at System.Data.Entity.DbContext.SaveChanges()
   at DA.Queries.UserAccounts.InsertUser(NewUserReq newUser) in D:\github\DA\Queries\UserAccounts.cs:line 29
   --- End of inner exception stack trace ---
2019-03-22 18:29:05,950 [15] ERROR DA.Utils - Insert into MS_Users failed. Ex:00.002
ErrorCenter.InsertIntoDataBaseException: Insert into MS_Users failed. Ex:00.002 ---> System.Data.Entity.Infrastructure.DbUpdateException: An error occurred while updating the entries. See the inner exception for details. ---> System.Data.Entity.Core.UpdateException: An error occurred while updating the entries. See the inner exception for details. ---> System.Data.SqlClient.SqlException: Cannot insert duplicate key row in object 'dbo.MS_Users' with unique index 'IX_Tel'. The duplicate key value is (09125935452).
The statement has been terminated.
   at System.Data.SqlClient.SqlConnection.OnError(SqlException exception, Boolean breakConnection, Action`1 wrapCloseInAction)
   at System.Data.SqlClient.SqlInternalConnection.OnError(SqlException exception, Boolean breakConnection, Action`1 wrapCloseInAction)
   at System.Data.SqlClient.TdsParser.ThrowExceptionAndWarning(TdsParserStateObject stateObj, Boolean callerHasConnectionLock, Boolean asyncClose)
   at System.Data.SqlClient.TdsParser.TryRun(RunBehavior runBehavior, SqlCommand cmdHandler, SqlDataReader dataStream, BulkCopySimpleResultSet bulkCopyHandler, TdsParserStateObject stateObj, Boolean& dataReady)
   at System.Data.SqlClient.SqlDataReader.TryConsumeMetaData()
   at System.Data.SqlClient.SqlDataReader.get_MetaData()
   at System.Data.SqlClient.SqlCommand.FinishExecuteReader(SqlDataReader ds, RunBehavior runBehavior, String resetOptionsString, Boolean isInternal, Boolean forDescribeParameterEncryption, Boolean shouldCacheForAlwaysEncrypted)
   at System.Data.SqlClient.SqlCommand.RunExecuteReaderTds(CommandBehavior cmdBehavior, RunBehavior runBehavior, Boolean returnStream, Boolean async, Int32 timeout, Task& task, Boolean asyncWrite, Boolean inRetry, SqlDataReader ds, Boolean describeParameterEncryptionRequest)
   at System.Data.SqlClient.SqlCommand.RunExecuteReader(CommandBehavior cmdBehavior, RunBehavior runBehavior, Boolean returnStream, String method, TaskCompletionSource`1 completion, Int32 timeout, Task& task, Boolean& usedCache, Boolean asyncWrite, Boolean inRetry)
   at System.Data.SqlClient.SqlCommand.RunExecuteReader(CommandBehavior cmdBehavior, RunBehavior runBehavior, Boolean returnStream, String method)
   at System.Data.SqlClient.SqlCommand.ExecuteReader(CommandBehavior behavior, String method)
   at System.Data.SqlClient.SqlCommand.ExecuteDbDataReader(CommandBehavior behavior)
   at System.Data.Common.DbCommand.ExecuteReader(CommandBehavior behavior)
   at System.Data.Entity.Infrastructure.Interception.DbCommandDispatcher.<Reader>b__c(DbCommand t, DbCommandInterceptionContext`1 c)
   at System.Data.Entity.Infrastructure.Interception.InternalDispatcher`1.Dispatch[TTarget,TInterceptionContext,TResult](TTarget target, Func`3 operation, TInterceptionContext interceptionContext, Action`3 executing, Action`3 executed)
   at System.Data.Entity.Infrastructure.Interception.DbCommandDispatcher.Reader(DbCommand command, DbCommandInterceptionContext interceptionContext)
   at System.Data.Entity.Internal.InterceptableDbCommand.ExecuteDbDataReader(CommandBehavior behavior)
   at System.Data.Common.DbCommand.ExecuteReader(CommandBehavior behavior)
   at System.Data.Entity.Core.Mapping.Update.Internal.DynamicUpdateCommand.Execute(Dictionary`2 identifierValues, List`1 generatedValues)
   at System.Data.Entity.Core.Mapping.Update.Internal.UpdateTranslator.Update()
   --- End of inner exception stack trace ---
   at System.Data.Entity.Core.Mapping.Update.Internal.UpdateTranslator.Update()
   at System.Data.Entity.Core.EntityClient.Internal.EntityAdapter.<Update>b__2(UpdateTranslator ut)
   at System.Data.Entity.Core.EntityClient.Internal.EntityAdapter.Update[T](T noChangesResult, Func`2 updateFunction)
   at System.Data.Entity.Core.EntityClient.Internal.EntityAdapter.Update()
   at System.Data.Entity.Core.Objects.ObjectContext.<SaveChangesToStore>b__35()
   at System.Data.Entity.Core.Objects.ObjectContext.ExecuteInTransaction[T](Func`1 func, IDbExecutionStrategy executionStrategy, Boolean startLocalTransaction, Boolean releaseConnectionOnSuccess)
   at System.Data.Entity.Core.Objects.ObjectContext.SaveChangesToStore(SaveOptions options, IDbExecutionStrategy executionStrategy, Boolean startLocalTransaction)
   at System.Data.Entity.Core.Objects.ObjectContext.<>c__DisplayClass2a.<SaveChangesInternal>b__27()
   at System.Data.Entity.SqlServer.DefaultSqlExecutionStrategy.Execute[TResult](Func`1 operation)
   at System.Data.Entity.Core.Objects.ObjectContext.SaveChangesInternal(SaveOptions options, Boolean executeInExistingTransaction)
   at System.Data.Entity.Core.Objects.ObjectContext.SaveChanges(SaveOptions options)
   at System.Data.Entity.Internal.InternalContext.SaveChanges()
   --- End of inner exception stack trace ---
   at System.Data.Entity.Internal.InternalContext.SaveChanges()
   at System.Data.Entity.Internal.LazyInternalContext.SaveChanges()
   at System.Data.Entity.DbContext.SaveChanges()
   at DA.Queries.UserAccounts.InsertUser(NewUserReq newUser) in D:\github\DA\Queries\UserAccounts.cs:line 29
   --- End of inner exception stack trace ---
2019-03-24 17:08:06,920 [8] ERROR DA.Logger - Select data from MS_Categories failed. Ex:00.001
ErrorCenter.SelectFromDataBaseException: Select data from MS_Categories failed. Ex:00.001 ---> System.Exception: Exception of type 'System.Exception' was thrown.
   at DA.Queries.General.SelectAllCategories() in D:\nemo\MySaghdooshApi\DA\Queries\General.cs:line 18
   --- End of inner exception stack trace ---
2019-03-24 17:08:15,895 [8] ERROR BL.Business.Utility.Logger - Select data from MS_Categories failed. Ex:00.001
ErrorCenter.SelectFromDataBaseException: Select data from MS_Categories failed. Ex:00.001 ---> System.Exception: Exception of type 'System.Exception' was thrown.
   at DA.Queries.General.SelectAllCategories() in D:\nemo\MySaghdooshApi\DA\Queries\General.cs:line 18
   --- End of inner exception stack trace ---
   at DA.Queries.General.SelectAllCategories() in D:\nemo\MySaghdooshApi\DA\Queries\General.cs:line 30
   at BL.Business.General.GetAllCategories() in D:\nemo\MySaghdooshApi\BL\Business\General.cs:line 18
2019-03-30 00:07:11,331 [11] ERROR DA.Logger - Select data from MS_Categories, MS_Servers failed. Ex:00.008
ErrorCenter.SelectFromDataBaseException: Select data from MS_Categories, MS_Servers failed. Ex:00.008 ---> System.ArgumentNullException: Value cannot be null.
Parameter name: inArray
   at System.Convert.ToBase64String(Byte[] inArray)
   at DA.Queries.Servers.SelectMainPageByPageIndex(Int32 pageIndex)
   --- End of inner exception stack trace ---
2019-03-30 00:07:11,387 [11] ERROR BL.Business.Utility.Logger - Select data from MS_Categories, MS_Servers failed. Ex:00.008
ErrorCenter.SelectFromDataBaseException: Select data from MS_Categories, MS_Servers failed. Ex:00.008 ---> System.ArgumentNullException: Value cannot be null.
Parameter name: inArray
   at System.Convert.ToBase64String(Byte[] inArray)
   at DA.Queries.Servers.SelectMainPageByPageIndex(Int32 pageIndex)
   --- End of inner exception stack trace ---
   at DA.Queries.Servers.SelectMainPageByPageIndex(Int32 pageIndex)
   at BL.Business.ServiceProvider.MainPageServiceProviders.GetMainPageProviders(Int32 pageIndex) in I:\Projects\MySaghdoosh\Sources\API\github\BL\Business\ServiceProvider\MainPageServiceProviders.cs:line 22
2019-03-30 00:09:07,315 [11] ERROR DA.Logger - Select data from MS_Categories, MS_Servers failed. Ex:00.008
ErrorCenter.SelectFromDataBaseException: Select data from MS_Categories, MS_Servers failed. Ex:00.008 ---> System.ArgumentNullException: Value cannot be null.
Parameter name: inArray
   at System.Convert.ToBase64String(Byte[] inArray)
   at DA.Queries.Servers.SelectMainPageByPageIndex(Int32 pageIndex) in I:\Projects\MySaghdoosh\Sources\API\github\DA\Queries\Servers.cs:line 77
   --- End of inner exception stack trace ---
2019-03-30 00:09:07,370 [11] ERROR BL.Business.Utility.Logger - Select data from MS_Categories, MS_Servers failed. Ex:00.008
ErrorCenter.SelectFromDataBaseException: Select data from MS_Categories, MS_Servers failed. Ex:00.008 ---> System.ArgumentNullException: Value cannot be null.
Parameter name: inArray
   at System.Convert.ToBase64String(Byte[] inArray)
   at DA.Queries.Servers.SelectMainPageByPageIndex(Int32 pageIndex) in I:\Projects\MySaghdoosh\Sources\API\github\DA\Queries\Servers.cs:line 77
   --- End of inner exception stack trace ---
   at DA.Queries.Servers.SelectMainPageByPageIndex(Int32 pageIndex) in I:\Projects\MySaghdoosh\Sources\API\github\DA\Queries\Servers.cs:line 94
   at BL.Business.ServiceProvider.MainPageServiceProviders.GetMainPageProviders(Int32 pageIndex) in I:\Projects\MySaghdoosh\Sources\API\github\BL\Business\ServiceProvider\MainPageServiceProviders.cs:line 22
2019-03-30 01:48:25,390 [13] ERROR DA.Logger - Select data from MS_Categories, MS_Servers failed. Ex:00.008
ErrorCenter.SelectFromDataBaseException: Select data from MS_Categories, MS_Servers failed. Ex:00.008 ---> System.ArgumentNullException: Value cannot be null.
Parameter name: inArray
   at System.Convert.ToBase64String(Byte[] inArray)
   at DA.Queries.Servers.SelectMainPageByPageIndex(Int32 pageIndex) in I:\Projects\MySaghdoosh\Sources\API\github\DA\Queries\Servers.cs:line 77
   --- End of inner exception stack trace ---
2019-03-30 01:48:25,467 [13] ERROR BL.Business.Utility.Logger - Select data from MS_Categories, MS_Servers failed. Ex:00.008
ErrorCenter.SelectFromDataBaseException: Select data from MS_Categories, MS_Servers failed. Ex:00.008 ---> System.ArgumentNullException: Value cannot be null.
Parameter name: inArray
   at System.Convert.ToBase64String(Byte[] inArray)
   at DA.Queries.Servers.SelectMainPageByPageIndex(Int32 pageIndex) in I:\Projects\MySaghdoosh\Sources\API\github\DA\Queries\Servers.cs:line 77
   --- End of inner exception stack trace ---
   at DA.Queries.Servers.SelectMainPageByPageIndex(Int32 pageIndex) in I:\Projects\MySaghdoosh\Sources\API\github\DA\Queries\Servers.cs:line 94
   at BL.Business.ServiceProvider.MainPageServiceProviders.GetMainPageProviders(Int32 pageIndex) in I:\Projects\MySaghdoosh\Sources\API\github\BL\Business\ServiceProvider\MainPageServiceProviders.cs:line 22
